2022.06.12 21:25:15:> sdfsf
2022.06.12 21:25:19:> /add
2022.06.12 21:25:19:< Ğ”Ğ¾Ğ±Ğ°Ğ²Ğ»ĞµĞ½Ğ¸Ğµ Ğ´Ğ°Ğ½Ğ½Ñ‹Ñ…:
2022.06.12 21:27:15:> /add
2022.06.12 21:27:15:< Ğ”Ğ¾Ğ±Ğ°Ğ²Ğ»ĞµĞ½Ğ¸Ğµ Ğ´Ğ°Ğ½Ğ½Ñ‹Ñ…:
2022.06.12 21:27:15:< Title = Title1; Note = Notes; Status = Status
2022.06.12 21:27:26:> /quit
2022.06.12 21:32:26:> /add
2022.06.12 21:32:26:< Ğ”Ğ¾Ğ±Ğ°Ğ²Ğ»ĞµĞ½Ğ¸Ğµ Ğ´Ğ°Ğ½Ğ½Ñ‹Ñ…:
2022.06.12 21:32:26:< Title = Title1; Note = Notes; Status = Status
2022.06.12 21:32:28:> /add
2022.06.12 21:32:28:< Ğ”Ğ¾Ğ±Ğ°Ğ²Ğ»ĞµĞ½Ğ¸Ğµ Ğ´Ğ°Ğ½Ğ½Ñ‹Ñ…:
2022.06.12 21:32:28:< Title = Title1; Note = Notes; Status = Status
2022.06.12 21:32:29:> /add
2022.06.12 21:32:29:< Ğ”Ğ¾Ğ±Ğ°Ğ²Ğ»ĞµĞ½Ğ¸Ğµ Ğ´Ğ°Ğ½Ğ½Ñ‹Ñ…:
2022.06.12 21:32:29:< Title = Title1; Note = Notes; Status = Status
2022.06.12 21:32:32:> /quit
2022.06.12 21:33:18:> /add
2022.06.12 21:33:18:< Ğ”Ğ¾Ğ±Ğ°Ğ²Ğ»ĞµĞ½Ğ¸Ğµ Ğ´Ğ°Ğ½Ğ½Ñ‹Ñ…:
2022.06.12 21:33:18:< Title = Title1; Note = Notes; Status = Status
2022.06.12 21:33:19:> [A
2022.06.12 21:33:23:> /add
2022.06.12 21:33:23:< Ğ”Ğ¾Ğ±Ğ°Ğ²Ğ»ĞµĞ½Ğ¸Ğµ Ğ´Ğ°Ğ½Ğ½Ñ‹Ñ…:
2022.06.12 21:33:23:< Title = Title1; Note = Notes; Status = Status
2022.06.12 21:33:25:> /add
2022.06.12 21:33:25:< Ğ”Ğ¾Ğ±Ğ°Ğ²Ğ»ĞµĞ½Ğ¸Ğµ Ğ´Ğ°Ğ½Ğ½Ñ‹Ñ…:
2022.06.12 21:33:25:< Title = Title1; Note = Notes; Status = Status
2022.06.12 21:33:28:> /quit
2022.06.12 21:35:41:> /add
2022.06.12 21:35:41:< Ğ”Ğ¾Ğ±Ğ°Ğ²Ğ»ĞµĞ½Ğ¸Ğµ Ğ´Ğ°Ğ½Ğ½Ñ‹Ñ…:
2022.06.12 21:35:41:< Title = Title1; Note = Notes; Status = Status
2022.06.12 21:35:43:> /add
2022.06.12 21:35:43:< Ğ”Ğ¾Ğ±Ğ°Ğ²Ğ»ĞµĞ½Ğ¸Ğµ Ğ´Ğ°Ğ½Ğ½Ñ‹Ñ…:
2022.06.12 21:35:44:< Title = Title1; Note = Notes; Status = Status
2022.06.12 21:35:45:> /ad
2022.06.12 21:35:45:> 
2022.06.12 21:35:47:> /add
2022.06.12 21:35:47:< Ğ”Ğ¾Ğ±Ğ°Ğ²Ğ»ĞµĞ½Ğ¸Ğµ Ğ´Ğ°Ğ½Ğ½Ñ‹Ñ…:
2022.06.12 21:35:47:< Title = Title1; Note = Notes; Status = Status
2022.06.12 21:35:51:> /quit
2022.06.12 21:48:09:> /add
2022.06.12 21:48:09:< Ğ”Ğ¾Ğ±Ğ°Ğ²Ğ»ĞµĞ½Ğ¸Ğµ Ğ´Ğ°Ğ½Ğ½Ñ‹Ñ…:
2022.06.12 21:48:09:< Title = Title1; Note = Notes; Status = Status
2022.06.12 21:48:11:> /add
2022.06.12 21:48:11:< Ğ”Ğ¾Ğ±Ğ°Ğ²Ğ»ĞµĞ½Ğ¸Ğµ Ğ´Ğ°Ğ½Ğ½Ñ‹Ñ…:
2022.06.12 21:48:11:< Title = Title1; Note = Notes; Status = Status
2022.06.12 21:48:12:> /add
2022.06.12 21:48:12:< Ğ”Ğ¾Ğ±Ğ°Ğ²Ğ»ĞµĞ½Ğ¸Ğµ Ğ´Ğ°Ğ½Ğ½Ñ‹Ñ…:
2022.06.12 21:48:12:< Title = Title1; Note = Notes; Status = Status
2022.06.12 21:48:15:> /quit
2022.06.12 22:05:47:> /list
2022.06.12 22:05:52:> /add
2022.06.12 22:05:52:< Ğ”Ğ¾Ğ±Ğ°Ğ²Ğ»ĞµĞ½Ğ¸Ğµ Ğ´Ğ°Ğ½Ğ½Ñ‹Ñ…:
2022.06.12 22:05:52:< Title = Title1; Note = Notes; Status = Status
2022.06.12 22:05:53:> /add
2022.06.12 22:05:53:< Ğ”Ğ¾Ğ±Ğ°Ğ²Ğ»ĞµĞ½Ğ¸Ğµ Ğ´Ğ°Ğ½Ğ½Ñ‹Ñ…:
2022.06.12 22:05:53:< Title = Title1; Note = Notes; Status = Status
2022.06.12 22:05:59:> /list
2022.06.12 22:06:37:> /add
2022.06.12 22:06:37:< Ğ”Ğ¾Ğ±Ğ°Ğ²Ğ»ĞµĞ½Ğ¸Ğµ Ğ´Ğ°Ğ½Ğ½Ñ‹Ñ…:
2022.06.12 22:06:37:< Title = Title1; Note = Notes; Status = Status
2022.06.12 22:06:38:> /add
2022.06.12 22:06:38:< Ğ”Ğ¾Ğ±Ğ°Ğ²Ğ»ĞµĞ½Ğ¸Ğµ Ğ´Ğ°Ğ½Ğ½Ñ‹Ñ…:
2022.06.12 22:06:38:< Title = Title1; Note = Notes; Status = Status
2022.06.12 22:06:39:> /add
2022.06.12 22:06:39:< Ğ”Ğ¾Ğ±Ğ°Ğ²Ğ»ĞµĞ½Ğ¸Ğµ Ğ´Ğ°Ğ½Ğ½Ñ‹Ñ…:
2022.06.12 22:06:39:< Title = Title1; Note = Notes; Status = Status
2022.06.12 22:06:41:> /list
2022.06.12 22:07:32:> /list
2022.06.12 22:07:34:> /add
2022.06.12 22:07:34:< Ğ”Ğ¾Ğ±Ğ°Ğ²Ğ»ĞµĞ½Ğ¸Ğµ Ğ´Ğ°Ğ½Ğ½Ñ‹Ñ…:
2022.06.12 22:07:34:< Title = Title1; Note = Notes; Status = Status
2022.06.12 22:07:36:> /add
2022.06.12 22:07:36:< Ğ”Ğ¾Ğ±Ğ°Ğ²Ğ»ĞµĞ½Ğ¸Ğµ Ğ´Ğ°Ğ½Ğ½Ñ‹Ñ…:
2022.06.12 22:07:36:< Title = Title1; Note = Notes; Status = Status
2022.06.12 22:07:38:> /add
2022.06.12 22:07:38:< Ğ”Ğ¾Ğ±Ğ°Ğ²Ğ»ĞµĞ½Ğ¸Ğµ Ğ´Ğ°Ğ½Ğ½Ñ‹Ñ…:
2022.06.12 22:07:38:< Title = Title1; Note = Notes; Status = Status
2022.06.12 22:07:40:> /list
2022.06.12 22:08:07:> /quit
2022.06.12 22:12:25:> /add
2022.06.12 22:12:25:< Ğ”Ğ¾Ğ±Ğ°Ğ²Ğ»ĞµĞ½Ğ¸Ğµ Ğ´Ğ°Ğ½Ğ½Ñ‹Ñ…:
2022.06.12 22:12:25:< Title = Title1; Note = Notes; Status = Status
2022.06.12 22:12:26:> /add
2022.06.12 22:12:26:< Ğ”Ğ¾Ğ±Ğ°Ğ²Ğ»ĞµĞ½Ğ¸Ğµ Ğ´Ğ°Ğ½Ğ½Ñ‹Ñ…:
2022.06.12 22:12:26:< Title = Title1; Note = Notes; Status = Status
2022.06.12 22:12:30:> /list
2022.06.12 22:12:45:> /add
2022.06.12 22:12:45:< Ğ”Ğ¾Ğ±Ğ°Ğ²Ğ»ĞµĞ½Ğ¸Ğµ Ğ´Ğ°Ğ½Ğ½Ñ‹Ñ…:
2022.06.12 22:12:45:< Title = Title1; Note = Notes; Status = Status
2022.06.12 22:12:48:> /list
2022.06.12 22:12:50:> /quit
2022.06.12 22:14:10:> /list
2022.06.12 22:15:56:> /add
2022.06.12 22:15:56:< Ğ”Ğ¾Ğ±Ğ°Ğ²Ğ»ĞµĞ½Ğ¸Ğµ Ğ´Ğ°Ğ½Ğ½Ñ‹Ñ…:
2022.06.12 22:15:56:< Title = Title1; Note = Notes; Status = Status
2022.06.12 22:15:57:> /add
2022.06.12 22:15:57:< Ğ”Ğ¾Ğ±Ğ°Ğ²Ğ»ĞµĞ½Ğ¸Ğµ Ğ´Ğ°Ğ½Ğ½Ñ‹Ñ…:
2022.06.12 22:15:57:< Title = Title1; Note = Notes; Status = Status
2022.06.12 22:15:58:> /add
2022.06.12 22:15:58:< Ğ”Ğ¾Ğ±Ğ°Ğ²Ğ»ĞµĞ½Ğ¸Ğµ Ğ´Ğ°Ğ½Ğ½Ñ‹Ñ…:
2022.06.12 22:15:58:< Title = Title1; Note = Notes; Status = Status
2022.06.12 22:16:00:> /list
2022.06.12 22:16:06:> /quit
2022.06.12 22:16:34:> /list
2022.06.12 22:16:38:> /add
2022.06.12 22:16:38:< Ğ”Ğ¾Ğ±Ğ°Ğ²Ğ»ĞµĞ½Ğ¸Ğµ Ğ´Ğ°Ğ½Ğ½Ñ‹Ñ…:
2022.06.12 22:16:38:< Title = Title1; Note = Notes; Status = Status
2022.06.12 22:16:39:> /add
2022.06.12 22:16:39:< Ğ”Ğ¾Ğ±Ğ°Ğ²Ğ»ĞµĞ½Ğ¸Ğµ Ğ´Ğ°Ğ½Ğ½Ñ‹Ñ…:
2022.06.12 22:16:39:< Title = Title1; Note = Notes; Status = Status
2022.06.12 22:16:46:> /list
2022.06.12 22:16:49:> /quit
2022.06.12 22:16:53:> /list
2022.06.12 22:16:55:> /quit
2022.06.12 22:19:47:> .Ğ´ÑˆÑ‹Ğµ
2022.06.12 22:19:49:> /list
2022.06.12 22:20:24:> /quit
2022.06.12 22:20:30:> /list
2022.06.12 22:20:45:> /quit
2022.06.12 22:20:54:> /list
2022.06.12 22:21:11:> 
2022.06.12 22:21:11:> 
2022.06.12 22:21:11:> [A
2022.06.12 22:21:15:> /quit
2022.06.12 22:21:18:> /list
2022.06.12 22:22:01:> /quit
2022.06.12 22:22:04:> /list
2022.06.12 22:22:07:> /quit
2022.06.12 22:28:03:> /list
2022.06.12 22:28:10:> /add
2022.06.12 22:28:10:< Ğ”Ğ¾Ğ±Ğ°Ğ²Ğ»ĞµĞ½Ğ¸Ğµ Ğ´Ğ°Ğ½Ğ½Ñ‹Ñ…:
2022.06.12 22:28:10:< Title = Title1; Note = Notes; Status = Status
2022.06.12 22:28:12:> /quit
2022.06.12 22:29:07:> /add
2022.06.12 22:29:46:< Ğ”Ğ¾Ğ±Ğ°Ğ²Ğ»ĞµĞ½Ğ¸Ğµ Ğ´Ğ°Ğ½Ğ½Ñ‹Ñ…:
2022.06.12 22:29:46:< Title = ĞŸÑ€Ğ¾ÑĞ½ÑƒÑ‚ÑŒÑÑ ÑƒÑ‚Ñ€Ğ¾Ğ¼; Note = ĞÑƒĞ¶Ğ½Ğ¾ Ğ²ÑÑ‚Ğ°Ñ‚ÑŒ ÑƒÑ‚Ñ€Ğ¾Ğ¼ Ğ¿Ğ¾Ñ€Ğ°Ğ½ÑŒÑˆĞµ; Status = ĞĞµ Ğ²Ñ‹Ğ¿Ğ¾Ğ»Ğ½ĞµĞ½Ğ¾
2022.06.12 22:29:53:> /list
2022.06.12 22:30:02:> /del
2022.06.12 22:31:34:> /list
2022.06.12 22:31:47:> /add
2022.06.12 22:32:13:< Ğ”Ğ¾Ğ±Ğ°Ğ²Ğ»ĞµĞ½Ğ¸Ğµ Ğ´Ğ°Ğ½Ğ½Ñ‹Ñ…:
2022.06.12 22:32:13:< Title = Ğ’ÑÑ‚Ğ°Ñ‚ÑŒ ÑƒÑ‚Ñ€Ğ¾Ğ¼; Note = ĞÑƒĞ¶Ğ½Ğ¾ Ğ²ÑÑ‚Ğ°Ñ‚ÑŒ Ñ ÑƒÑ‚Ñ€Ğ° Ğ¿Ğ¾-Ñ€Ğ°Ğ½ÑŒÑˆĞµ; Status = ĞĞµ Ğ²Ñ‹Ğ¿Ğ¾Ğ»Ğ½ĞµĞ½Ğ¾
2022.06.12 22:32:19:> /list
2022.06.12 22:32:24:> /save
2022.06.12 22:32:28:> /quit
2022.06.12 22:34:04:> /quit
2022.06.12 22:34:20:> /list
2022.06.12 22:34:24:> /del
2022.06.12 22:35:25:> /list
2022.06.12 22:35:28:> /del
2022.06.12 22:36:12:> /del
2022.06.12 22:36:18:> /list
2022.06.12 22:36:21:> /del
2022.06.12 22:36:25:> /list
2022.06.12 22:36:29:> /quit
2022.06.12 22:55:31:> /list
2022.06.12 22:55:31:< Ğ’Ñ‹Ğ²ĞµĞ´ĞµĞ½Ğ¾ 1 ÑÑ‚Ñ€Ğ¾Ğº Ğ±Ğ°Ğ·Ñ‹ Ğ´Ğ°Ğ½Ğ½Ñ‹Ñ…
2022.06.12 22:55:47:> /edit
2022.06.12 22:58:31:> /list
2022.06.12 22:58:31:< Ğ’Ñ‹Ğ²ĞµĞ´ĞµĞ½Ğ¾ 1 ÑÑ‚Ñ€Ğ¾Ğº Ğ±Ğ°Ğ·Ñ‹ Ğ´Ğ°Ğ½Ğ½Ñ‹Ñ…
2022.06.12 22:58:37:> /edit
2022.06.12 22:59:03:> /edit
2022.06.12 22:59:55:> /list
2022.06.12 22:59:55:< Ğ’Ñ‹Ğ²ĞµĞ´ĞµĞ½Ğ¾ 1 ÑÑ‚Ñ€Ğ¾Ğº Ğ±Ğ°Ğ·Ñ‹ Ğ´Ğ°Ğ½Ğ½Ñ‹Ñ…
2022.06.12 22:59:58:> /edit
2022.06.12 23:00:03:< -1
2022.06.12 23:00:07:> /edit
2022.06.12 23:00:08:< 0
2022.06.12 23:00:50:> .Ğ´ÑˆÑ‹Ğµ
2022.06.12 23:00:54:> /list
2022.06.12 23:01:19:> /list
2022.06.12 23:01:19:< Ğ’Ñ‹Ğ²ĞµĞ´ĞµĞ½Ğ¾ 1 ÑÑ‚Ñ€Ğ¾Ğº Ğ±Ğ°Ğ·Ñ‹ Ğ´Ğ°Ğ½Ğ½Ñ‹Ñ…
2022.06.12 23:03:52:> /quit
2022.06.12 23:03:57:> /edit
2022.06.12 23:03:59:< 0
2022.06.12 23:04:43:> .Ğ´ÑˆÑ‹Ğµ
2022.06.12 23:04:46:> /list
2022.06.12 23:05:24:> /edit
2022.06.12 23:05:42:< 0
2022.06.12 23:09:07:> /quit
2022.06.12 23:09:14:> /list
2022.06.12 23:09:36:> /list
2022.06.12 23:09:36:< Ğ’Ñ‹Ğ²ĞµĞ´ĞµĞ½Ğ¾ 0 ÑÑ‚Ñ€Ğ¾Ğº Ğ±Ğ°Ğ·Ñ‹ Ğ´Ğ°Ğ½Ğ½Ñ‹Ñ…
2022.06.12 23:09:44:> /add
2022.06.12 23:10:24:< Ğ”Ğ¾Ğ±Ğ°Ğ²Ğ»ĞµĞ½Ğ¸Ğµ Ğ´Ğ°Ğ½Ğ½Ñ‹Ñ…:
2022.06.12 23:10:24:< Title = ĞÑƒĞ¶Ğ½Ğ¾ Ñ€Ğ°Ğ½ÑŒÑˆĞµ Ğ²ÑÑ‚Ğ°Ğ²Ğ°Ñ‚ÑŒ; Note = ĞÑƒĞ¶Ğ½Ğ¾ Ğ²ÑÑ‚Ğ°Ğ²Ğ°Ñ‚ÑŒ Ñ€Ğ°Ğ½ÑŒÑˆĞµ, Ñ‡Ñ‚Ğ¾Ğ±Ñ‹ ÑƒÑĞ¿ĞµĞ²Ğ°Ñ‚ÑŒ ÑĞ´ĞµĞ»Ğ°Ñ‚ÑŒ Ğ±Ğ¾Ğ»ÑŒÑˆĞµ Ğ´ĞµĞ»; Status = ĞĞµ Ğ²Ñ‹Ğ¿Ğ¾Ğ»Ğ½ĞµĞ½Ğ¾
2022.06.12 23:10:28:> .Ñ„Ğ²Ğ²
2022.06.12 23:10:30:> /add
2022.06.12 23:11:11:< Ğ”Ğ¾Ğ±Ğ°Ğ²Ğ»ĞµĞ½Ğ¸Ğµ Ğ´Ğ°Ğ½Ğ½Ñ‹Ñ…:
2022.06.12 23:11:11:< Title = Ğ Ğ°Ğ½ÑŒÑˆĞµ Ğ»Ğ¾Ğ¶Ğ¸Ñ‚ÑŒÑÑ ÑĞ¿Ğ°Ñ‚ÑŒ; Note = ĞÑƒĞ¶Ğ½Ğ¾ Ñ€Ğ°Ğ½ÑŒÑˆĞµ Ğ»Ğ¾Ğ¶Ğ¸Ñ‚ÑŒÑÑ ÑĞ¿Ğ°Ñ‚ÑŒ, Ñ‡Ñ‚Ğ¾Ğ±Ñ‹ Ğ¿Ğ¾Ğ»Ğ½Ğ¾Ñ†ĞµĞ½Ğ½Ğ¾ Ğ²Ñ‹ÑÑ‹Ğ¿Ğ°Ñ‚ÑŒÑÑ; Status = ĞĞµ Ğ²Ñ‹Ğ¿Ğ¾Ğ»Ğ½ĞµĞ½Ğ¾
2022.06.12 23:11:13:> .Ñ„Ğ²Ğ²
2022.06.12 23:11:15:> /add
2022.06.12 23:12:04:< Ğ”Ğ¾Ğ±Ğ°Ğ²Ğ»ĞµĞ½Ğ¸Ğµ Ğ´Ğ°Ğ½Ğ½Ñ‹Ñ…:
2022.06.12 23:12:04:< Title = Ğ¥Ğ¾Ñ€Ğ¾ÑˆĞ¾ Ğ¿Ğ¾ĞºÑƒÑˆĞ°Ñ‚ÑŒ; Note = ĞÑƒĞ¶Ğ½Ğ¾ Ğ¿Ñ€Ğ°Ğ²Ğ¸Ğ»ÑŒĞ½Ğ¾ Ğ¿Ğ¸Ñ‚Ğ°Ñ‚ÑŒÑÑ, Ñ‡Ñ‚Ğ¾Ğ±Ñ‹ Ğ½Ğµ ÑƒÑÑ‚Ğ°Ğ²Ğ°Ñ‚ÑŒ Ğº Ğ²ĞµÑ‡ĞµÑ€Ñƒ, Ğ¸ Ğ·Ğ°Ğ±Ğ¾Ñ‚Ğ¸Ñ‚ÑŒÑÑ Ğ¾ ÑĞ²Ğ¾ĞµĞ¼ Ğ·Ğ´Ğ¾Ñ€Ğ¾Ğ²ÑŒĞµ; Status = Ğ’Ñ‹Ğ¿Ğ¾Ğ»Ğ½ĞµĞ½Ğ¾
2022.06.12 23:12:06:> .Ğ´ÑˆÑ‹Ğµ
2022.06.12 23:12:09:> /list
2022.06.12 23:12:09:< Ğ’Ñ‹Ğ²ĞµĞ´ĞµĞ½Ğ¾ 3 ÑÑ‚Ñ€Ğ¾Ğº Ğ±Ğ°Ğ·Ñ‹ Ğ´Ğ°Ğ½Ğ½Ñ‹Ñ…
2022.06.12 23:12:12:> /save
2022.06.12 23:12:17:> /add
2022.06.12 23:12:32:< Ğ”Ğ¾Ğ±Ğ°Ğ²Ğ»ĞµĞ½Ğ¸Ğµ Ğ´Ğ°Ğ½Ğ½Ñ‹Ñ…:
2022.06.12 23:12:32:< Title = qwe2345; Note = eytr235; Status = Ğ½Ğµ Ğ²Ñ‹Ğ¿Ğ¾Ğ»Ğ½ĞµĞ½Ğ¾
2022.06.12 23:12:34:> .Ğ´ÑˆÑ‹Ğµ
2022.06.12 23:12:37:> /list
2022.06.12 23:12:37:< Ğ’Ñ‹Ğ²ĞµĞ´ĞµĞ½Ğ¾ 4 ÑÑ‚Ñ€Ğ¾Ğº Ğ±Ğ°Ğ·Ñ‹ Ğ´Ğ°Ğ½Ğ½Ñ‹Ñ…
2022.06.12 23:12:47:> /del
2022.06.12 23:12:48:< 3
2022.06.12 23:12:50:> list
2022.06.12 23:12:53:> /list
2022.06.12 23:12:53:< Ğ’Ñ‹Ğ²ĞµĞ´ĞµĞ½Ğ¾ 3 ÑÑ‚Ñ€Ğ¾Ğº Ğ±Ğ°Ğ·Ñ‹ Ğ´Ğ°Ğ½Ğ½Ñ‹Ñ…
2022.06.12 23:12:56:> /add
2022.06.12 23:13:08:< Ğ”Ğ¾Ğ±Ğ°Ğ²Ğ»ĞµĞ½Ğ¸Ğµ Ğ´Ğ°Ğ½Ğ½Ñ‹Ñ…:
2022.06.12 23:13:08:< Title = qwer4365; Note = htynnrht345; Status = ĞĞµ Ğ²Ñ‹Ğ¿Ğ¾Ğ½ĞµĞ½Ğ¾
2022.06.12 23:13:19:> /edit
2022.06.12 23:13:24:< -1
2022.06.12 23:13:26:> /list
2022.06.12 23:13:26:< Ğ’Ñ‹Ğ²ĞµĞ´ĞµĞ½Ğ¾ 4 ÑÑ‚Ñ€Ğ¾Ğº Ğ±Ğ°Ğ·Ñ‹ Ğ´Ğ°Ğ½Ğ½Ñ‹Ñ…
2022.06.12 23:13:29:> /edit
2022.06.12 23:13:30:< 3
2022.06.12 23:14:33:> /list
2022.06.12 23:14:33:< Ğ’Ñ‹Ğ²ĞµĞ´ĞµĞ½Ğ¾ 3 ÑÑ‚Ñ€Ğ¾Ğº Ğ±Ğ°Ğ·Ñ‹ Ğ´Ğ°Ğ½Ğ½Ñ‹Ñ…
2022.06.12 23:14:39:> /add
2022.06.12 23:14:44:< Ğ”Ğ¾Ğ±Ğ°Ğ²Ğ»ĞµĞ½Ğ¸Ğµ Ğ´Ğ°Ğ½Ğ½Ñ‹Ñ…:
2022.06.12 23:14:44:< Title = sadfdsfg; Note = qqweqweqwe; Status = fvxcvv
2022.06.12 23:14:46:> /list
2022.06.12 23:14:46:< Ğ’Ñ‹Ğ²ĞµĞ´ĞµĞ½Ğ¾ 4 ÑÑ‚Ñ€Ğ¾Ğº Ğ±Ğ°Ğ·Ñ‹ Ğ´Ğ°Ğ½Ğ½Ñ‹Ñ…
2022.06.12 23:14:53:> /del
2022.06.12 23:14:54:< 3
2022.06.12 23:14:59:> /list
2022.06.12 23:14:59:< Ğ’Ñ‹Ğ²ĞµĞ´ĞµĞ½Ğ¾ 3 ÑÑ‚Ñ€Ğ¾Ğº Ğ±Ğ°Ğ·Ñ‹ Ğ´Ğ°Ğ½Ğ½Ñ‹Ñ…
2022.06.12 23:15:01:> /add
2022.06.12 23:15:06:< Ğ”Ğ¾Ğ±Ğ°Ğ²Ğ»ĞµĞ½Ğ¸Ğµ Ğ´Ğ°Ğ½Ğ½Ñ‹Ñ…:
2022.06.12 23:15:06:< Title = qwerqwerqerq; Note = asdfasfasdf; Status = zxcvzxcvcv
2022.06.12 23:15:08:> /quit
2022.06.12 23:15:14:> /list
2022.06.12 23:15:14:< Ğ’Ñ‹Ğ²ĞµĞ´ĞµĞ½Ğ¾ 4 ÑÑ‚Ñ€Ğ¾Ğº Ğ±Ğ°Ğ·Ñ‹ Ğ´Ğ°Ğ½Ğ½Ñ‹Ñ…
2022.06.12 23:15:21:> /quit
2022.06.12 23:16:11:> /list
2022.06.12 23:16:11:< Ğ’Ñ‹Ğ²ĞµĞ´ĞµĞ½Ğ¾ 4 ÑÑ‚Ñ€Ğ¾Ğº Ğ±Ğ°Ğ·Ñ‹ Ğ´Ğ°Ğ½Ğ½Ñ‹Ñ…
2022.06.12 23:16:14:> /edit
2022.06.12 23:16:15:< 3
2022.06.12 23:16:50:> /list
2022.06.12 23:16:50:< Ğ’Ñ‹Ğ²ĞµĞ´ĞµĞ½Ğ¾ 4 ÑÑ‚Ñ€Ğ¾Ğº Ğ±Ğ°Ğ·Ñ‹ Ğ´Ğ°Ğ½Ğ½Ñ‹Ñ…
2022.06.12 23:16:53:> /edit
2022.06.12 23:16:54:< 3
2022.06.12 23:19:02:> /list
2022.06.12 23:19:02:< Ğ’Ñ‹Ğ²ĞµĞ´ĞµĞ½Ğ¾ 4 ÑÑ‚Ñ€Ğ¾Ğº Ğ±Ğ°Ğ·Ñ‹ Ğ´Ğ°Ğ½Ğ½Ñ‹Ñ…
2022.06.12 23:19:34:> /edit
2022.06.12 23:19:36:< 3
2022.06.12 23:19:53:> /list
2022.06.12 23:19:53:< Ğ’Ñ‹Ğ²ĞµĞ´ĞµĞ½Ğ¾ 4 ÑÑ‚Ñ€Ğ¾Ğº Ğ±Ğ°Ğ·Ñ‹ Ğ´Ğ°Ğ½Ğ½Ñ‹Ñ…
2022.06.12 23:20:12:> /uit
2022.06.12 23:20:14:> /quit
2022.06.12 23:20:47:> /edit
2022.06.12 23:20:48:< 3
2022.06.12 23:21:03:> /list
2022.06.12 23:21:03:< Ğ’Ñ‹Ğ²ĞµĞ´ĞµĞ½Ğ¾ 4 ÑÑ‚Ñ€Ğ¾Ğº Ğ±Ğ°Ğ·Ñ‹ Ğ´Ğ°Ğ½Ğ½Ñ‹Ñ…
2022.06.12 23:21:11:> /edit
2022.06.12 23:21:12:< 3
2022.06.12 23:21:48:> /edit
2022.06.12 23:21:50:< 3
2022.06.12 23:24:40:> /list
2022.06.12 23:24:40:< Ğ’Ñ‹Ğ²ĞµĞ´ĞµĞ½Ğ¾ 4 ÑÑ‚Ñ€Ğ¾Ğº Ğ±Ğ°Ğ·Ñ‹ Ğ´Ğ°Ğ½Ğ½Ñ‹Ñ…
2022.06.12 23:24:44:> /del
2022.06.12 23:24:46:< 3
2022.06.12 23:24:49:> /del 2
2022.06.12 23:24:53:> /del
2022.06.12 23:24:55:< 2
2022.06.12 23:24:58:> /del
2022.06.12 23:24:59:< 1
2022.06.12 23:25:02:> /del 
2022.06.12 23:25:05:> /del
2022.06.12 23:25:06:< 0
2022.06.12 23:25:09:> /quit
2022.06.12 23:27:16:> /list
2022.06.12 23:27:16:< Ğ’Ñ‹Ğ²ĞµĞ´ĞµĞ½Ğ¾ 4 ÑÑ‚Ñ€Ğ¾Ğº Ğ±Ğ°Ğ·Ñ‹ Ğ´Ğ°Ğ½Ğ½Ñ‹Ñ…
2022.06.12 23:27:23:> /del
2022.06.12 23:27:23:< 3
2022.06.12 23:27:28:> /add
2022.06.12 23:27:33:< Ğ”Ğ¾Ğ±Ğ°Ğ²Ğ»ĞµĞ½Ğ¸Ğµ Ğ´Ğ°Ğ½Ğ½Ñ‹Ñ…:
2022.06.12 23:27:33:< Title = qeqweqweqwe; Note = sdfsdgsdfg; Status = twertwertrwe
2022.06.12 23:27:36:> /list
2022.06.12 23:27:36:< Ğ’Ñ‹Ğ²ĞµĞ´ĞµĞ½Ğ¾ 4 ÑÑ‚Ñ€Ğ¾Ğº Ğ±Ğ°Ğ·Ñ‹ Ğ´Ğ°Ğ½Ğ½Ñ‹Ñ…
2022.06.12 23:27:46:> /del
2022.06.12 23:27:48:< 3
2022.06.12 23:27:49:> /del
2022.06.12 23:27:50:< 2
2022.06.12 23:27:53:> .del 1
2022.06.12 23:27:55:> .del 0
2022.06.12 23:28:00:> /del
2022.06.12 23:28:00:< 1
2022.06.12 23:28:04:> /del
2022.06.12 23:28:05:< 0
2022.06.12 23:28:08:> /save
2022.06.12 23:28:11:> /list
2022.06.12 23:28:11:< Ğ’Ñ‹Ğ²ĞµĞ´ĞµĞ½Ğ¾ 0 ÑÑ‚Ñ€Ğ¾Ğº Ğ±Ğ°Ğ·Ñ‹ Ğ´Ğ°Ğ½Ğ½Ñ‹Ñ…
2022.06.12 23:28:14:> /add
2022.06.12 23:28:51:< Ğ”Ğ¾Ğ±Ğ°Ğ²Ğ»ĞµĞ½Ğ¸Ğµ Ğ´Ğ°Ğ½Ğ½Ñ‹Ñ…:
2022.06.12 23:28:51:< Title = Ğ Ğ°Ğ½ÑŒÑˆĞµ Ğ²ÑÑ‚Ğ°Ğ²Ğ°Ñ‚ÑŒ; Note = ĞÑƒĞ¶Ğ½Ğ¾ Ñ€Ğ°Ğ½ÑŒÑˆĞµ Ğ²ÑÑ‚Ğ°Ğ²Ğ°Ñ‚ÑŒ, Ñ‡Ñ‚Ğ¾Ğ±Ñ‹ Ğ´ĞµĞ»Ğ°Ñ‚ÑŒ Ğ±Ğ¾Ğ»ÑŒÑˆĞµ Ğ´ĞµĞ» Ğ´Ğ½ĞµĞ¼; Status = ĞĞµ Ğ²Ñ‹Ğ¿Ğ¾Ğ»Ğ½ĞµĞ½Ğ¾
2022.06.12 23:28:54:> .Ñ„Ğ²Ğ²
2022.06.12 23:28:55:> /add
2022.06.12 23:29:49:< Ğ”Ğ¾Ğ±Ğ°Ğ²Ğ»ĞµĞ½Ğ¸Ğµ Ğ´Ğ°Ğ½Ğ½Ñ‹Ñ…:
2022.06.12 23:29:49:< Title = Ğ Ğ°Ğ½ÑŒÑˆĞµ Ğ»Ğ¾Ğ¶Ğ¸Ñ‚ÑŒÑÑ ÑĞ¿Ğ°Ñ‚ÑŒ; Note = ĞÑƒĞ¶Ğ½Ğ¾ Ñ€Ğ°Ğ½ÑŒÑˆĞµ Ğ»Ğ¾Ğ¶Ğ¸Ñ‚ÑŒÑÑ ÑĞ¿Ğ°Ñ‚ÑŒ, Ñ‡Ñ‚Ğ¾Ğ±Ñ‹ Ğ²Ñ‹ÑÑ‹Ğ¿Ğ°Ñ‚ÑŒÑÑ Ğ¸ Ğ½Ğµ Ğ±Ñ‹Ñ‚ÑŒ Ğ²ÑĞ»Ñ‹Ğ¼ Ğ´Ğ½ĞµĞ¼.; Status = ĞĞµ Ğ²Ñ‹Ğ¿Ğ¾Ğ»Ğ½ĞµĞ½Ğ¾
2022.06.12 23:29:54:> /add
2022.06.12 23:30:29:< Ğ”Ğ¾Ğ±Ğ°Ğ²Ğ»ĞµĞ½Ğ¸Ğµ Ğ´Ğ°Ğ½Ğ½Ñ‹Ñ…:
2022.06.12 23:30:29:< Title = ĞŸÑ€Ğ°Ğ²Ğ¸Ñ‚Ğ»ÑŒĞ½Ğ¾ Ğ¿Ğ¸Ñ‚Ğ°Ñ‚ÑŒÑÑ; Note = ĞÑƒĞ¶Ğ½Ğ¾ Ğ¿Ñ€Ğ°Ğ²Ğ¸Ğ»ÑŒĞ½Ğ¾ Ğ¿Ğ¸Ñ‚Ğ°Ñ‚ÑŒÑÑ, Ñ‡Ñ‚Ğ¾Ğ±Ñ‹ Ğ±Ñ‹Ñ‚ÑŒ Ğ·Ğ´Ğ¾Ñ€Ğ¾Ğ²Ñ‹Ğ¼ Ğ¸ Ñ…Ğ¾Ñ€Ğ¾ÑˆĞ¾ Ğ²Ñ‹Ğ³Ğ»ÑĞ´ĞµÑ‚ÑŒ; Status = ĞĞµ Ğ²Ñ‹Ğ¿Ğ¾Ğ»Ğ½ĞµĞ½Ğ¾
2022.06.12 23:30:34:> ./list
2022.06.12 23:30:36:> /list
2022.06.12 23:30:36:< Ğ’Ñ‹Ğ²ĞµĞ´ĞµĞ½Ğ¾ 3 ÑÑ‚Ñ€Ğ¾Ğº Ğ±Ğ°Ğ·Ñ‹ Ğ´Ğ°Ğ½Ğ½Ñ‹Ñ…
2022.06.12 23:30:46:> /quit
2022.06.12 23:31:46:> /list
2022.06.12 23:31:46:< Ğ’Ñ‹Ğ²ĞµĞ´ĞµĞ½Ğ¾ 3 ÑÑ‚Ñ€Ğ¾Ğº Ğ±Ğ°Ğ·Ñ‹ Ğ´Ğ°Ğ½Ğ½Ñ‹Ñ…
2022.06.12 23:31:56:> /uit
2022.06.12 23:31:59:> /quit
